react-osf/android/app/build/intermediates/manifest_merge_blame_file/debug/manifest-merger-blame-debug-report.txt
1<?xml version="1.0" encoding="utf-8"?>
2<manifest xmlns:android="http://schemas.android.com/apk/res/android"
3    package="com.reactosf"
4    android:versionCode="1"
5    android:versionName="1.0" >
6
7    <uses-sdk
8        android:minSdkVersion="21"
9        android:targetSdkVersion="29" />
10
11    <uses-permission android:name="android.permission.SYSTEM_ALERT_WINDOW" />
11-->src\main\AndroidManifest.xml:4:3-75
11-->src\main\AndroidManifest.xml:4:20-73
12    <uses-permission android:name="android.permission.INTERNET" />
12-->src\main\AndroidManifest.xml:2:3-64
12-->src\main\AndroidManifest.xml:2:20-62
13    <uses-permission android:name="android.permission.READ_PHONE_STATE" />
13-->src\main\AndroidManifest.xml:5:3-72
13-->src\main\AndroidManifest.xml:5:20-70
14    <uses-permission android:name="android.permission.USE_FINGERPRINT" />
14-->src\main\AndroidManifest.xml:6:3-71
14-->src\main\AndroidManifest.xml:6:20-69
15    <uses-permission android:name="android.permission.USE_BIOMETRIC" />
15-->src\main\AndroidManifest.xml:7:3-69
15-->src\main\AndroidManifest.xml:7:20-67
16    <uses-permission android:name="android.permission.VIBRATE" />
16-->src\main\AndroidManifest.xml:8:3-63
16-->src\main\AndroidManifest.xml:8:20-61
17    <uses-permission android:name="android.permission.MODIFY_AUDIO_SETTINGS" /> <!-- These require runtime permissions on M -->
17-->src\main\AndroidManifest.xml:9:3-77
17-->src\main\AndroidManifest.xml:9:20-75
18    <uses-permission android:name="android.permission.ACCESS_COARSE_LOCATION" />
18-->src\main\AndroidManifest.xml:11:3-78
18-->src\main\AndroidManifest.xml:11:20-76
19    <uses-permission android:name="android.permission.ACCESS_FINE_LOCATION" />
19-->src\main\AndroidManifest.xml:12:3-76
19-->src\main\AndroidManifest.xml:12:20-74
20    <uses-permission android:name="android.permission.ACCESS_BACKGROUND_LOCATION" />
20-->src\main\AndroidManifest.xml:13:3-82
20-->src\main\AndroidManifest.xml:13:20-80
21    <uses-permission android:name="android.permission.CAMERA" />
21-->src\main\AndroidManifest.xml:14:3-62
21-->src\main\AndroidManifest.xml:14:20-60
22    <uses-permission android:name="android.permission.RECORD_AUDIO" />
22-->src\main\AndroidManifest.xml:15:3-68
22-->src\main\AndroidManifest.xml:15:20-66
23    <uses-permission android:name="android.permission.READ_CONTACTS" />
23-->src\main\AndroidManifest.xml:16:3-69
23-->src\main\AndroidManifest.xml:16:20-67
24    <uses-permission android:name="android.permission.WRITE_CONTACTS" />
24-->src\main\AndroidManifest.xml:17:3-70
24-->src\main\AndroidManifest.xml:17:20-68
25    <uses-permission android:name="android.permission.READ_CALENDAR" />
25-->src\main\AndroidManifest.xml:18:3-69
25-->src\main\AndroidManifest.xml:18:20-67
26    <uses-permission android:name="android.permission.WRITE_CALENDAR" />
26-->src\main\AndroidManifest.xml:19:3-70
26-->src\main\AndroidManifest.xml:19:20-68
27    <uses-permission android:name="android.permission.READ_EXTERNAL_STORAGE" />
27-->src\main\AndroidManifest.xml:20:3-77
27-->src\main\AndroidManifest.xml:20:20-75
28    <uses-permission android:name="android.permission.WRITE_EXTERNAL_STORAGE" />
28-->src\main\AndroidManifest.xml:21:3-78
28-->src\main\AndroidManifest.xml:21:20-76
29    <uses-permission android:name="android.permission.ACCESS_WIFI_STATE" />
29-->[com.facebook.flipper:flipper:0.54.0] AndroidManifest.xml:16:5-76
29-->[com.facebook.flipper:flipper:0.54.0] AndroidManifest.xml:16:22-73
30    <uses-permission android:name="android.permission.ACCESS_NETWORK_STATE" />
30-->[:expo-updates] AndroidManifest.xml:11:5-79
30-->[:expo-updates] AndroidManifest.xml:11:22-76
31    <uses-permission android:name="android.permission.FOREGROUND_SERVICE" />
31-->[:expo-location] AndroidManifest.xml:14:5-77
31-->[:expo-location] AndroidManifest.xml:14:22-74
32    <uses-permission android:name="com.google.android.providers.gsf.permission.READ_GSERVICES" />
32-->[io.nlopez.smartlocation:library:3.2.11] AndroidManifest.xml:15:5-98
32-->[io.nlopez.smartlocation:library:3.2.11] AndroidManifest.xml:15:22-95
33    <uses-permission android:name="com.google.android.gms.permission.ACTIVITY_RECOGNITION" />
33-->[io.nlopez.smartlocation:library:3.2.11] AndroidManifest.xml:16:5-94
33-->[io.nlopez.smartlocation:library:3.2.11] AndroidManifest.xml:16:22-91
34
35    <application
35-->src\main\AndroidManifest.xml:24:3-48:17
36        android:name="com.reactosf.MainApplication"
36-->src\main\AndroidManifest.xml:25:5-36
37        android:allowBackup="false"
37-->src\main\AndroidManifest.xml:29:5-32
38        android:appComponentFactory="androidx.core.app.CoreComponentFactory"
38-->[androidx.core:core:1.1.0] AndroidManifest.xml:24:18-86
39        android:debuggable="true"
40        android:icon="@mipmap/ic_launcher"
40-->src\main\AndroidManifest.xml:27:5-39
41        android:label="@string/app_name"
41-->src\main\AndroidManifest.xml:26:5-37
42        android:roundIcon="@mipmap/ic_launcher_round"
42-->src\main\AndroidManifest.xml:28:5-50
43        android:testOnly="true"
44        android:theme="@style/AppTheme"
44-->src\main\AndroidManifest.xml:30:5-36
45        android:usesCleartextTraffic="true" >
45-->src\debug\AndroidManifest.xml:6:18-53
46        <meta-data
46-->src\main\AndroidManifest.xml:32:5-103
47            android:name="expo.modules.updates.EXPO_UPDATE_URL"
47-->src\main\AndroidManifest.xml:32:16-67
48            android:value="YOUR-APP-URL-HERE" />
48-->src\main\AndroidManifest.xml:32:68-101
49        <meta-data
49-->src\main\AndroidManifest.xml:33:5-112
50            android:name="expo.modules.updates.EXPO_SDK_VERSION"
50-->src\main\AndroidManifest.xml:33:16-68
51            android:value="YOUR-APP-SDK-VERSION-HERE" />
51-->src\main\AndroidManifest.xml:33:69-110
52
53        <activity
53-->src\main\AndroidManifest.xml:34:5-46:16
54            android:name="com.reactosf.MainActivity"
54-->src\main\AndroidManifest.xml:35:7-35
55            android:configChanges="keyboard|keyboardHidden|orientation|screenSize|uiMode"
55-->src\main\AndroidManifest.xml:37:7-84
56            android:label="@string/app_name"
56-->src\main\AndroidManifest.xml:36:7-39
57            android:launchMode="singleTask"
57-->src\main\AndroidManifest.xml:38:7-38
58            android:theme="@style/Theme.App.SplashScreen"
58-->src\main\AndroidManifest.xml:40:7-52
59            android:windowSoftInputMode="adjustNothing" >
59-->src\main\AndroidManifest.xml:39:7-50
60            <intent-filter>
60-->src\main\AndroidManifest.xml:42:7-45:23
61                <action android:name="android.intent.action.MAIN" />
61-->src\main\AndroidManifest.xml:43:9-60
61-->src\main\AndroidManifest.xml:43:17-58
62
63                <category android:name="android.intent.category.LAUNCHER" />
63-->src\main\AndroidManifest.xml:44:9-68
63-->src\main\AndroidManifest.xml:44:19-66
64            </intent-filter>
65        </activity>
66        <activity
66-->src\main\AndroidManifest.xml:47:5-170
67            android:name="com.facebook.react.devsupport.DevSettingsActivity"
67-->src\main\AndroidManifest.xml:47:15-79
68            android:configChanges="keyboardHidden|orientation"
68-->src\main\AndroidManifest.xml:47:118-168
69            android:screenOrientation="landscape" />
69-->src\main\AndroidManifest.xml:47:80-117
70
71        <meta-data
71-->[:unimodules-react-native-adapter] AndroidManifest.xml:12:9-14:91
72            android:name="org.unimodules.core.AppLoader#react-native-headless"
72-->[:unimodules-react-native-adapter] AndroidManifest.xml:13:13-79
73            android:value="org.unimodules.adapters.react.apploader.RNHeadlessAppLoader" />
73-->[:unimodules-react-native-adapter] AndroidManifest.xml:14:13-88
74
75        <provider
75-->[:react-native-webview] AndroidManifest.xml:12:9-20:20
76            android:name="com.reactnativecommunity.webview.RNCWebViewFileProvider"
76-->[:react-native-webview] AndroidManifest.xml:13:13-83
77            android:authorities="com.reactosf.fileprovider"
77-->[:react-native-webview] AndroidManifest.xml:14:13-64
78            android:exported="false"
78-->[:react-native-webview] AndroidManifest.xml:15:13-37
79            android:grantUriPermissions="true" >
79-->[:react-native-webview] AndroidManifest.xml:16:13-47
80            <meta-data
80-->[:react-native-webview] AndroidManifest.xml:17:13-19:63
81                android:name="android.support.FILE_PROVIDER_PATHS"
81-->[:react-native-webview] AndroidManifest.xml:18:17-67
82                android:resource="@xml/file_provider_paths" />
82-->[:react-native-webview] AndroidManifest.xml:19:17-60
83        </provider>
84        <provider
84-->[:expo-file-system] AndroidManifest.xml:17:9-26:20
85            android:name="expo.modules.filesystem.FileSystemFileProvider"
85-->[:expo-file-system] AndroidManifest.xml:18:13-74
86            android:authorities="com.reactosf.FileSystemFileProvider"
86-->[:expo-file-system] AndroidManifest.xml:19:13-74
87            android:exported="false"
87-->[:expo-file-system] AndroidManifest.xml:20:13-37
88            android:grantUriPermissions="true" >
88-->[:expo-file-system] AndroidManifest.xml:21:13-47
89            <meta-data
89-->[:react-native-webview] AndroidManifest.xml:17:13-19:63
90                android:name="android.support.FILE_PROVIDER_PATHS"
90-->[:react-native-webview] AndroidManifest.xml:18:17-67
91                android:resource="@xml/file_system_provider_paths" />
91-->[:react-native-webview] AndroidManifest.xml:19:17-60
92        </provider>
93
94        <service
94-->[:expo-location] AndroidManifest.xml:17:9-19:40
95            android:name="expo.modules.location.services.LocationTaskService"
95-->[:expo-location] AndroidManifest.xml:18:13-78
96            android:exported="false" />
96-->[:expo-location] AndroidManifest.xml:19:13-37
97
98        <activity
98-->[com.google.android.gms:play-services-base:16.0.1] AndroidManifest.xml:23:9-26:75
99            android:name="com.google.android.gms.common.api.GoogleApiActivity"
99-->[com.google.android.gms:play-services-base:16.0.1] AndroidManifest.xml:24:13-79
100            android:exported="false"
100-->[com.google.android.gms:play-services-base:16.0.1] AndroidManifest.xml:25:13-37
101            android:theme="@android:style/Theme.Translucent.NoTitleBar" />
101-->[com.google.android.gms:play-services-base:16.0.1] AndroidManifest.xml:26:13-72
102
103        <meta-data
103-->[com.google.android.gms:play-services-basement:16.0.1] AndroidManifest.xml:23:9-25:69
104            android:name="com.google.android.gms.version"
104-->[com.google.android.gms:play-services-basement:16.0.1] AndroidManifest.xml:24:13-58
105            android:value="@integer/google_play_services_version" />
105-->[com.google.android.gms:play-services-basement:16.0.1] AndroidManifest.xml:25:13-66
106
107        <service
107-->[androidx.room:room-runtime:2.1.0] AndroidManifest.xml:25:9-27:40
108            android:name="androidx.room.MultiInstanceInvalidationService"
108-->[androidx.room:room-runtime:2.1.0] AndroidManifest.xml:26:13-74
109            android:exported="false" />
109-->[androidx.room:room-runtime:2.1.0] AndroidManifest.xml:27:13-37
110        <service
110-->[io.nlopez.smartlocation:library:3.2.11] AndroidManifest.xml:19:9-21:40
111            android:name="io.nlopez.smartlocation.activity.providers.ActivityGooglePlayServicesProvider$ActivityRecognitionService"
111-->[io.nlopez.smartlocation:library:3.2.11] AndroidManifest.xml:20:13-132
112            android:exported="false" />
112-->[io.nlopez.smartlocation:library:3.2.11] AndroidManifest.xml:21:13-37
113        <service
113-->[io.nlopez.smartlocation:library:3.2.11] AndroidManifest.xml:22:9-24:40
114            android:name="io.nlopez.smartlocation.geofencing.providers.GeofencingGooglePlayServicesProvider$GeofencingService"
114-->[io.nlopez.smartlocation:library:3.2.11] AndroidManifest.xml:23:13-127
115            android:exported="false" />
115-->[io.nlopez.smartlocation:library:3.2.11] AndroidManifest.xml:24:13-37
116        <service
116-->[io.nlopez.smartlocation:library:3.2.11] AndroidManifest.xml:25:9-27:40
117            android:name="io.nlopez.smartlocation.geocoding.providers.AndroidGeocodingProvider$AndroidGeocodingService"
117-->[io.nlopez.smartlocation:library:3.2.11] AndroidManifest.xml:26:13-120
118            android:exported="false" />
118-->[io.nlopez.smartlocation:library:3.2.11] AndroidManifest.xml:27:13-37
119    </application>
120
121</manifest>